\BOOKMARK [1][-]{section.1}{\376\377\230\171\166\356\173\200\116\313}{}% 1
\BOOKMARK [1][-]{section.2}{\376\377\230\171\166\356\200\314\146\157}{}% 2
\BOOKMARK [2][-]{subsection.2.1}{\376\377\000R\000u\000s\000t\213\355\212\000}{section.2}% 3
\BOOKMARK [3][-]{subsubsection.2.1.1}{\376\377\232\330\140\047\200\375\377\010\000P\000e\000r\000f\000o\000r\000m\000a\000n\000c\000e\377\011}{subsection.2.1}% 4
\BOOKMARK [3][-]{subsubsection.2.1.2}{\376\377\123\357\227\140\140\047\377\010\000R\000e\000l\000i\000a\000b\000i\000l\000i\000t\000y\377\011}{subsection.2.1}% 5
\BOOKMARK [3][-]{subsubsection.2.1.3}{\376\377\165\037\116\247\122\233\377\010\000P\000r\000o\000d\000u\000c\000t\000i\000v\000i\000t\000y\377\011}{subsection.2.1}% 6
\BOOKMARK [3][-]{subsubsection.2.1.4}{\376\377\000R\000u\000s\000t\213\355\212\000\166\204\121\174\133\271\140\047}{subsection.2.1}% 7
\BOOKMARK [3][-]{subsubsection.2.1.5}{\376\377\166\370\153\324\121\166\116\326\213\355\212\000\000R\000u\000s\000t\166\204\117\030\122\277}{subsection.2.1}% 8
\BOOKMARK [2][-]{subsection.2.2}{\376\377\000R\000I\000S\000C\000-\000V\143\007\116\344\226\306\147\266\147\204}{section.2}% 9
\BOOKMARK [3][-]{subsubsection.2.2.1}{\376\377\000R\000I\000S\000C\000-\000V\166\204\162\171\160\271}{subsection.2.2}% 10
\BOOKMARK [3][-]{subsubsection.2.2.2}{\376\377\000R\000I\000S\000C\000-\000V\166\204\145\057\143\001}{subsection.2.2}% 11
\BOOKMARK [3][-]{subsubsection.2.2.3}{\376\377\000R\000I\000S\000C\000-\000V\166\204\117\030\122\277}{subsection.2.2}% 12
\BOOKMARK [2][-]{subsection.2.3}{\376\377\000U\000n\000i\000k\000e\000r\000n\000e\000l}{section.2}% 13
\BOOKMARK [3][-]{subsubsection.2.3.1}{\376\377\000C\000l\000i\000c\000k\000O\000S}{subsection.2.3}% 14
\BOOKMARK [3][-]{subsubsection.2.3.2}{\376\377\000M\000i\000r\000a\000g\000e\000O\000S}{subsection.2.3}% 15
\BOOKMARK [3][-]{subsubsection.2.3.3}{\376\377\000I\000n\000c\000l\000u\000d\000e\000O\000S}{subsection.2.3}% 16
\BOOKMARK [3][-]{subsubsection.2.3.4}{\376\377\000R\000u\000s\000t\000y\000H\000e\000r\000m\000i\000t}{subsection.2.3}% 17
\BOOKMARK [3][-]{subsubsection.2.3.5}{\376\377\000R\000u\000m\000p\000r\000u\000n}{subsection.2.3}% 18
\BOOKMARK [3][-]{subsubsection.2.3.6}{\376\377\000N\000a\000n\000o\000s}{subsection.2.3}% 19
\BOOKMARK [3][-]{subsubsection.2.3.7}{\376\377\000U\000n\000i\000k\000r\000a\000f\000t}{subsection.2.3}% 20
\BOOKMARK [1][-]{section.3}{\376\377\172\313\230\171\117\235\143\156}{}% 21
\BOOKMARK [1][-]{section.4}{\376\377\122\115\167\273\140\047\000/\221\315\211\201\140\047\122\006\147\220}{}% 22
\BOOKMARK [1][-]{section.5}{\376\377\166\370\121\163\135\345\117\134}{}% 23
\BOOKMARK [2][-]{subsection.5.1}{\376\377\137\200\136\164\230\171\166\356}{section.5}% 24
\BOOKMARK [3][-]{subsubsection.5.1.1}{\376\377\000x\000-\000u\000n\000i\000p\000a\000n\000i\000c\134\017\176\304}{subsection.5.1}% 25
\BOOKMARK [3][-]{subsubsection.5.1.2}{\376\377\000x\000-\000K\000A\000T\000A\000-\000U\000n\000i\000k\000e\000r\000n\000e\000l\000\040\134\017\176\304}{subsection.5.1}% 26
\BOOKMARK [3][-]{subsubsection.5.1.3}{\376\377\000x\000-\000o\000r\000z\134\017\176\304}{subsection.5.1}% 27
\BOOKMARK [3][-]{subsubsection.5.1.4}{\376\377\000X\000-\000D\000o\000u\000d\000o\000u\000\040\134\017\176\304}{subsection.5.1}% 28
\BOOKMARK [3][-]{subsubsection.5.1.5}{\376\377\000\040\000X\000-\000z\000o\000s\000\040\134\017\176\304}{subsection.5.1}% 29
